Log file open, 09/05/24 21:54:18
LogPlatformFile: Not using cached read wrapper
LogInit:Display: RandInit(1299922018) SRandInit(1299922023).
LogTaskGraph: Started task graph with 3 named threads and 10 total threads with 1 sets of task threads.
LogInit: Version: 4.12.0-0+UE4
LogInit: API Version: 0
LogInit: Net Version: 0
LogDevObjectVersion: Number of dev versions registered: 13
LogDevObjectVersion:   Dev-Blueprints (B0D832E4-1F89-4F0D-ACCF-7EB736FD4AA2): 3
LogDevObjectVersion:   Dev-Build (E1C64328-A22C-4D53-A36C-8E866417BD8C): 0
LogDevObjectVersion:   Dev-Core (375EC13C-06E4-48FB-B500-84F0262A717E): 1
LogDevObjectVersion:   Dev-Editor (E4B068ED-F494-42E9-A231-DA0B2E46BB41): 1
LogDevObjectVersion:   Dev-Framework (CFFC743F-43B0-4480-9391-14DF171D2073): 3
LogDevObjectVersion:   Dev-Mobile (B02B49B5-BB20-44E9-A304-32B752E40360): 0
LogDevObjectVersion:   Dev-Networking (A4E4105C-59A1-49B5-A7C5-40C4547EDFEE): 0
LogDevObjectVersion:   Dev-Online (39C831C9-5AE6-47DC-9A44-9C173E1C8E7C): 0
LogDevObjectVersion:   Dev-Physics (78F01B33-EBEA-4F98-B9B4-84EACCB95AA2): 0
LogDevObjectVersion:   Dev-Platform (6631380F-2D4D-43E0-8009-CF276956A95A): 0
LogDevObjectVersion:   Dev-Rendering (12F88B9F-8875-4AFC-A67C-D90C383ABD29): 0
LogDevObjectVersion:   Dev-Sequencer (7B5AE74C-D270-4C10-A958-57980B212A5A): 0
LogDevObjectVersion:   Dev-VR (D7296918-1DD6-4BDD-9DE2-64A83CC13884): 0
LogInit: Compiled (64-bit): Mar 29 2016 06:45:58
LogInit: Compiled with Visual C++: 19.00.23026.00
LogInit: Build Configuration: Development
LogInit: Branch Name: UE4
LogInit: Command line: ../rando.pak -create=filelist.txt -compress
LogInit: Base directory: C:/Users/trist/OneDrive/Documents/Em's/Rando/SMTVV/smtVV-rando/dist/randomizer/base/
LogInit: Installed Engine Build: 0
LogInit: Computer: SOLIPOLI9000
LogInit: User: trist
LogInit: CPU Page size=65536, Cores=8
LogInit: High frequency timer resolution =10.000000 MHz
LogMemory: Memory total: Physical=15.2GB (16GB approx)
LogMemory: Platform Memory Stats for Windows
LogMemory: Process Physical Memory: 15.80 MB used, 15.80 MB peak
LogMemory: Process Virtual Memory: 41.50 MB used, 41.50 MB peak
LogMemory: Physical Memory: 14784.48 MB used, 15610.91 MB total
LogMemory: Virtual Memory: 4285.96 MB used, 134217728.00 MB total
LogPaths:Warning: No paths for game localization data were specifed in the game configuration.
LogInit:Warning: No paths for engine localization data were specifed in the engine configuration.
LogTextLocalizationManager: No translations for ('') exist, falling back to 'en' for localization and internationalization data.
LogPakFile:Display: Loading response file filelist.txt
LogPakFile: Added file Source: ../rando/*.* Dest: ../../../
LogPakFile:Display: Added 1 entries to add to pak file.
LogPakFile:Display: Collecting files to add to pak file...
LogPakFile:Display: Collected 52 files in 0.01s.
LogPakFile: Added compressed file "Camp/Status/TalkCameraOffsetTable.uexp", 3.85% of original size. Compressed Size 14160 bytes, Original Size 367555 bytes. 
LogPakFile: Added compressed file "Common/AssetTable/DevilAssetTable.uexp", 5.03% of original size. Compressed Size 28177 bytes, Original Size 559715 bytes. 
LogPakFile: Added compressed file "Common/AssetTable/EncountPostTable/EncountPostDataTable.uasset", 39.85% of original size. Compressed Size 1481 bytes, Original Size 3716 bytes. 
LogPakFile: Added compressed file "Common/AssetTable/EncountPostTable/EncountPostDataTable.uexp", 5.78% of original size. Compressed Size 69174 bytes, Original Size 1197049 bytes. 
LogPakFile: Added compressed file "Common/AssetTable/EncountPostTable/EventEncountPostDataTable.uasset", 35.06% of original size. Compressed Size 1493 bytes, Original Size 4258 bytes. 
LogPakFile: Added compressed file "Common/AssetTable/EncountPostTable/EventEncountPostDataTable.uexp", 5.73% of original size. Compressed Size 6860 bytes, Original Size 119749 bytes. 
LogPakFile: Added compressed file "Event/Script/MainMission/M016/MM_M016_E0885.uexp", 16.75% of original size. Compressed Size 6840 bytes, Original Size 40838 bytes. 
LogPakFile: Added compressed file "Event/Script/MainMission/M016/MM_M016_E0885_Direct.uexp", 17.27% of original size. Compressed Size 6520 bytes, Original Size 37759 bytes. 
LogPakFile: Added compressed file "Event/Script/ShopEvent/BP_ShopEvent.uexp", 16.92% of original size. Compressed Size 4613 bytes, Original Size 27271 bytes. 
LogPakFile: Added compressed file "Event/Script/SubMission/M016/MM_M016_EM1450.uexp", 15.36% of original size. Compressed Size 30627 bytes, Original Size 199385 bytes. 
LogPakFile: Added compressed file "Event/Script/SubMission/M030/MM_M030_EM1769.uexp", 14.87% of original size. Compressed Size 92368 bytes, Original Size 621018 bytes. 
LogPakFile: Added compressed file "Event/Script/SubMission/M030/MM_M061_EM1781.uexp", 15.79% of original size. Compressed Size 22982 bytes, Original Size 145510 bytes. 
LogPakFile: Added compressed file "Event/Script/SubMission/M030/MM_M061_EM1791.uexp", 15.04% of original size. Compressed Size 38306 bytes, Original Size 254769 bytes. 
LogPakFile: Added compressed file "Event/Script/SubMission/M030/MM_M061_EM2613_HitAction.uexp", 15.33% of original size. Compressed Size 44211 bytes, Original Size 288405 bytes. 
LogPakFile: Added compressed file "Event/Script/SubMission/M035/MM_M035_EM1480.uexp", 15.98% of original size. Compressed Size 23089 bytes, Original Size 144476 bytes. 
LogPakFile: Added compressed file "Event/Script/SubMission/M036/MM_M036_EM1490.uexp", 15.92% of original size. Compressed Size 23353 bytes, Original Size 146656 bytes. 
LogPakFile: Added compressed file "Event/Script/SubMission/M060/MM_M060_EM1420.uexp", 15.32% of original size. Compressed Size 27525 bytes, Original Size 179697 bytes. 
LogPakFile: Added compressed file "Event/Script/SubMission/M060/MM_M060_EM1601.uexp", 15.78% of original size. Compressed Size 31587 bytes, Original Size 200185 bytes. 
LogPakFile: Added compressed file "Event/Script/SubMission/M060/MM_M060_EM1602.uexp", 17.14% of original size. Compressed Size 6406 bytes, Original Size 37381 bytes. 
LogPakFile: Added compressed file "Event/Script/SubMission/M060/MM_M060_EM1690.uexp", 15.74% of original size. Compressed Size 28128 bytes, Original Size 178676 bytes. 
LogPakFile: Added compressed file "Event/Script/SubMission/M060/MM_M060_EM1700.uexp", 15.72% of original size. Compressed Size 27367 bytes, Original Size 174099 bytes. 
LogPakFile: Added compressed file "Event/Script/SubMission/M061/MM_M061_EM1630.uexp", 15.66% of original size. Compressed Size 34602 bytes, Original Size 220912 bytes. 
LogPakFile: Added compressed file "Event/Script/SubMission/M061/MM_M061_EM1640.uexp", 15.46% of original size. Compressed Size 33387 bytes, Original Size 215961 bytes. 
LogPakFile: Added compressed file "Event/Script/SubMission/M061/MM_M061_EM2601.uexp", 15.48% of original size. Compressed Size 33183 bytes, Original Size 214360 bytes. 
LogPakFile: Added compressed file "Event/Script/SubMission/M062/MM_M062_EM1650.uexp", 15.70% of original size. Compressed Size 30296 bytes, Original Size 192955 bytes. 
LogPakFile: Added compressed file "Event/Script/SubMission/M062/MM_M062_EM1660.uexp", 15.80% of original size. Compressed Size 27439 bytes, Original Size 173648 bytes. 
LogPakFile: Added compressed file "Event/Script/SubMission/M063/MM_M063_EM1670.uexp", 15.46% of original size. Compressed Size 25782 bytes, Original Size 166763 bytes. 
LogPakFile: Added compressed file "Event/Script/SubMission/M063/MM_M063_EM1680.uexp", 15.49% of original size. Compressed Size 25837 bytes, Original Size 166771 bytes. 
LogPakFile: Added compressed file "Event/Script/SubMission/M063/MM_M063_EM2170.uexp", 15.54% of original size. Compressed Size 51250 bytes, Original Size 329823 bytes. 
LogPakFile: Added compressed file "Event/Script/SubMission/M064/MM_M064_EM2270.uexp", 15.42% of original size. Compressed Size 49955 bytes, Original Size 323872 bytes. 
LogPakFile: Added compressed file "Event/Script/SubMission/M064/MM_M064_EM2280.uexp", 15.22% of original size. Compressed Size 56983 bytes, Original Size 374418 bytes. 
LogPakFile: Added compressed file "Event/Script/SubMission/M064/MM_M064_EM2310.uexp", 15.51% of original size. Compressed Size 64247 bytes, Original Size 414240 bytes. 
LogPakFile: Added compressed file "Event/Script/SubMission/M064/MM_M064_EM2320.uexp", 15.43% of original size. Compressed Size 67675 bytes, Original Size 438585 bytes. 
LogPakFile: Added compressed file "Gamedata/BinTable/Battle/Boss/BossFlag.uexp", 12.61% of original size. Compressed Size 602 bytes, Original Size 4773 bytes. 
LogPakFile: Added compressed file "Gamedata/BinTable/Battle/Event/BattleEventTable.uasset", 54.03% of original size. Compressed Size 375 bytes, Original Size 694 bytes. 
LogPakFile: Added compressed file "Gamedata/BinTable/Battle/Event/BattleEventTable.uexp", 12.78% of original size. Compressed Size 430 bytes, Original Size 3365 bytes. 
LogPakFile: Added compressed file "Gamedata/BinTable/Battle/Skill/SkillData.uexp", 13.84% of original size. Compressed Size 21322 bytes, Original Size 154021 bytes. 
LogPakFile: Added compressed file "Gamedata/BinTable/Common/PlayerGrow.uexp", 19.51% of original size. Compressed Size 2255 bytes, Original Size 11557 bytes. 
LogPakFile: Added compressed file "Gamedata/BinTable/Devil/NKMBaseTable.uexp", 10.98% of original size. Compressed Size 110410 bytes, Original Size 1005845 bytes. 
LogPakFile: Added compressed file "Gamedata/BinTable/Facility/Table/ShopTable.uexp", 22.54% of original size. Compressed Size 1094 bytes, Original Size 4853 bytes. 
LogPakFile: Added compressed file "Gamedata/BinTable/GodParameter/Table/GodParameterDataTable.uexp", 40.49% of original size. Compressed Size 1220 bytes, Original Size 3013 bytes. 
LogPakFile: Added compressed file "Gamedata/BinTable/Item/ItemTable.uexp", 19.73% of original size. Compressed Size 7976 bytes, Original Size 40421 bytes. 
LogPakFile: Added compressed file "Gamedata/BinTable/Map/D_BaseTable.uexp", 18.36% of original size. Compressed Size 509 bytes, Original Size 2773 bytes. 
LogPakFile: Added compressed file "Gamedata/BinTable/Map/EncountData.uexp", 13.36% of original size. Compressed Size 39040 bytes, Original Size 292261 bytes. 
LogPakFile: Added compressed file "Gamedata/BinTable/Map/EventEncountData.uexp", 15.24% of original size. Compressed Size 3701 bytes, Original Size 24277 bytes. 
LogPakFile: Added compressed file "Gamedata/BinTable/Map/TakaraData.uexp", 10.83% of original size. Compressed Size 3114 bytes, Original Size 28757 bytes. 
LogPakFile: Added compressed file "Gamedata/BinTable/Map/UniqueSymbolData.uexp", 33.58% of original size. Compressed Size 496 bytes, Original Size 1477 bytes. 
LogPakFile: Added compressed file "Gamedata/BinTable/Mission/MissionTable.uexp", 8.66% of original size. Compressed Size 7227 bytes, Original Size 83413 bytes. 
LogPakFile: Added compressed file "Gamedata/BinTable/UIGraphcis/DevilUIGraphicsTable.uexp", 15.75% of original size. Compressed Size 8336 bytes, Original Size 52933 bytes. 
LogPakFile: Added compressed file "Gamedata/BinTable/Unite/UniteCombineTable.uexp", 6.10% of original size. Compressed Size 282785 bytes, Original Size 4637912 bytes. 
LogPakFile: Added compressed file "Gamedata/BinTable/Unite/UniteTable.uexp", 61.84% of original size. Compressed Size 2813 bytes, Original Size 4549 bytes. 
LogPakFile: Added compressed file "Map/Encount/Mover/ParamTable/MapSymbolParamTable.uexp", 3.51% of original size. Compressed Size 12091 bytes, Original Size 344191 bytes. 
LogPakFile:Display: Added 52 files, 1558723 bytes total, time 0.29s.
